<?xml version="1.0" encoding="UTF-8"?>
<!-- Generated by org.testng.reporters.JUnitReportReporter -->
<testsuite hostname="LAPTOP-8C3FM8F8" failures="0" tests="1" name="Assignment.Assignment.AppTest" time="114.144" errors="0" timestamp="2024-03-24T10:42:10 IST" skipped="0">
  <testcase classname="Assignment.Assignment.AppTest" name="Test" time="114.144"/>
</testsuite> <!-- Assignment.Assignment.AppTest -->
