<?xml version="1.0" encoding="UTF-8"?>
<!-- Generated by org.testng.reporters.JUnitReportReporter -->
<testsuite hostname="LAPTOP-8C3FM8F8" failures="0" tests="1" name="Assignment.Assignment.edureka" time="102.171" errors="0" timestamp="2024-03-24T10:33:02 IST" skipped="0">
  <testcase classname="Assignment.Assignment.edureka" name="Test" time="102.171"/>
</testsuite> <!-- Assignment.Assignment.edureka -->
